<?xml version="1.0" encoding="UTF-8"?>
<coverage generated="1627445056330" clover="3.2.0">
  <project timestamp="1627445056330" name="All files">
    <metrics statements="42" coveredstatements="39" conditionals="36" coveredconditionals="34" methods="6" coveredmethods="6" elements="84" coveredelements="79" complexity="0" loc="42" ncloc="42" packages="1" files="2" classes="2"/>
    <file name="diff.js" path="/home/prozex/frontend-project-lvl2/src/diff.js">
      <metrics statements="37" coveredstatements="35" conditionals="30" coveredconditionals="29" methods="5" coveredmethods="5"/>
      <line num="41" count="1" type="stmt"/>
      <line num="42" count="7" type="stmt"/>
      <line num="43" count="7" type="stmt"/>
      <line num="44" count="9" type="cond" truecount="2" falsecount="0"/>
      <line num="45" count="9" type="stmt"/>
      <line num="47" count="7" type="stmt"/>
      <line num="51" count="7" type="stmt"/>
      <line num="52" count="11" type="stmt"/>
      <line num="53" count="11" type="stmt"/>
      <line num="54" count="75" type="stmt"/>
      <line num="55" count="75" type="stmt"/>
      <line num="56" count="75" type="cond" truecount="4" falsecount="0"/>
      <line num="57" count="26" type="cond" truecount="5" falsecount="0"/>
      <line num="58" count="1" type="stmt"/>
      <line num="59" count="1" type="stmt"/>
      <line num="60" count="25" type="cond" truecount="4" falsecount="1"/>
      <line num="61" count="0" type="stmt"/>
      <line num="62" count="0" type="stmt"/>
      <line num="63" count="25" type="cond" truecount="4" falsecount="0"/>
      <line num="64" count="4" type="stmt"/>
      <line num="65" count="21" type="cond" truecount="2" falsecount="0"/>
      <line num="66" count="15" type="stmt"/>
      <line num="68" count="6" type="stmt"/>
      <line num="69" count="6" type="stmt"/>
      <line num="71" count="49" type="cond" truecount="4" falsecount="0"/>
      <line num="72" count="23" type="cond" truecount="2" falsecount="0"/>
      <line num="73" count="1" type="stmt"/>
      <line num="75" count="22" type="stmt"/>
      <line num="77" count="26" type="cond" truecount="2" falsecount="0"/>
      <line num="78" count="2" type="stmt"/>
      <line num="80" count="24" type="stmt"/>
      <line num="82" count="75" type="stmt"/>
      <line num="84" count="11" type="stmt"/>
      <line num="87" count="7" type="stmt"/>
      <line num="88" count="7" type="stmt"/>
      <line num="89" count="7" type="stmt"/>
      <line num="119" count="7" type="stmt"/>
    </file>
    <file name="parsers.js" path="/home/prozex/frontend-project-lvl2/src/parsers.js">
      <metrics statements="5" coveredstatements="4" conditionals="6" coveredconditionals="5" methods="1" coveredmethods="1"/>
      <line num="6" count="14" type="cond" truecount="4" falsecount="0"/>
      <line num="7" count="7" type="stmt"/>
      <line num="9" count="7" type="cond" truecount="1" falsecount="1"/>
      <line num="10" count="7" type="stmt"/>
      <line num="12" count="0" type="stmt"/>
    </file>
  </project>
</coverage>
