<?xml version="1.0" encoding="UTF-8"?>
<coverage generated="1627480124151" clover="3.2.0">
  <project timestamp="1627480124151" name="All files">
    <metrics statements="103" coveredstatements="100" conditionals="69" coveredconditionals="67" methods="19" coveredmethods="19" elements="191" coveredelements="186" complexity="0" loc="103" ncloc="103" packages="2" files="6" classes="6"/>
    <package name="formatters">
      <metrics statements="58" coveredstatements="58" conditionals="33" coveredconditionals="33" methods="12" coveredmethods="12"/>
      <file name="index.js" path="/home/prozex/frontend-project-lvl2/formatters/index.js">
        <metrics statements="5" coveredstatements="5" conditionals="5" coveredconditionals="5" methods="1" coveredmethods="1"/>
        <line num="6" count="9" type="cond" truecount="2" falsecount="0"/>
        <line num="7" count="7" type="stmt"/>
        <line num="9" count="2" type="cond" truecount="2" falsecount="0"/>
        <line num="10" count="1" type="stmt"/>
        <line num="12" count="1" type="stmt"/>
      </file>
      <file name="json.js" path="/home/prozex/frontend-project-lvl2/formatters/json.js">
        <metrics statements="14" coveredstatements="14" conditionals="6" coveredconditionals="6" methods="3" coveredmethods="3"/>
        <line num="2" count="1" type="stmt"/>
        <line num="3" count="12" type="stmt"/>
        <line num="4" count="31" type="stmt"/>
        <line num="5" count="31" type="stmt"/>
        <line num="6" count="31" type="cond" truecount="2" falsecount="0"/>
        <line num="7" count="6" type="stmt"/>
        <line num="8" count="25" type="cond" truecount="2" falsecount="0"/>
        <line num="9" count="9" type="stmt"/>
        <line num="11" count="16" type="stmt"/>
        <line num="13" count="31" type="cond" truecount="2" falsecount="0"/>
        <line num="14" count="31" type="stmt"/>
        <line num="16" count="12" type="stmt"/>
        <line num="19" count="1" type="stmt"/>
        <line num="20" count="1" type="stmt"/>
      </file>
      <file name="plain.js" path="/home/prozex/frontend-project-lvl2/formatters/plain.js">
        <metrics statements="27" coveredstatements="27" conditionals="20" coveredconditionals="20" methods="4" coveredmethods="4"/>
        <line num="4" count="1" type="stmt"/>
        <line num="5" count="5" type="stmt"/>
        <line num="6" count="22" type="cond" truecount="2" falsecount="0"/>
        <line num="8" count="22" type="cond" truecount="2" falsecount="0"/>
        <line num="9" count="8" type="stmt"/>
        <line num="10" count="14" type="cond" truecount="2" falsecount="0"/>
        <line num="11" count="10" type="stmt"/>
        <line num="13" count="4" type="stmt"/>
        <line num="15" count="22" type="cond" truecount="2" falsecount="0"/>
        <line num="16" count="6" type="stmt"/>
        <line num="20" count="16" type="cond" truecount="2" falsecount="0"/>
        <line num="21" count="9" type="cond" truecount="2" falsecount="0"/>
        <line num="22" count="4" type="stmt"/>
        <line num="23" count="4" type="stmt"/>
        <line num="25" count="5" type="stmt"/>
        <line num="30" count="7" type="cond" truecount="2" falsecount="0"/>
        <line num="31" count="4" type="stmt"/>
        <line num="34" count="5" type="stmt"/>
        <line num="37" count="1" type="stmt"/>
        <line num="39" count="1" type="stmt"/>
        <line num="40" count="11" type="stmt"/>
        <line num="41" count="11" type="cond" truecount="2" falsecount="0"/>
        <line num="42" count="5" type="stmt"/>
        <line num="43" count="6" type="cond" truecount="2" falsecount="0"/>
        <line num="44" count="2" type="stmt"/>
        <line num="46" count="4" type="stmt"/>
        <line num="48" count="11" type="cond" truecount="2" falsecount="0"/>
      </file>
      <file name="stylish.js" path="/home/prozex/frontend-project-lvl2/formatters/stylish.js">
        <metrics statements="12" coveredstatements="12" conditionals="2" coveredconditionals="2" methods="4" coveredmethods="4"/>
        <line num="1" count="102" type="stmt"/>
        <line num="4" count="7" type="stmt"/>
        <line num="5" count="18" type="stmt"/>
        <line num="6" count="18" type="stmt"/>
        <line num="7" count="91" type="stmt"/>
        <line num="8" count="91" type="cond" truecount="2" falsecount="0"/>
        <line num="9" count="11" type="stmt"/>
        <line num="10" count="11" type="stmt"/>
        <line num="12" count="80" type="stmt"/>
        <line num="14" count="91" type="stmt"/>
        <line num="16" count="18" type="stmt"/>
        <line num="18" count="7" type="stmt"/>
      </file>
    </package>
    <package name="src">
      <metrics statements="45" coveredstatements="42" conditionals="36" coveredconditionals="34" methods="7" coveredmethods="7"/>
      <file name="diff.js" path="/home/prozex/frontend-project-lvl2/src/diff.js">
        <metrics statements="40" coveredstatements="38" conditionals="30" coveredconditionals="29" methods="6" coveredmethods="6"/>
        <line num="5" count="1" type="stmt"/>
        <line num="6" count="21" type="stmt"/>
        <line num="7" count="21" type="stmt"/>
        <line num="8" count="27" type="cond" truecount="2" falsecount="0"/>
        <line num="9" count="27" type="stmt"/>
        <line num="11" count="21" type="stmt"/>
        <line num="14" count="1" type="stmt"/>
        <line num="15" count="9" type="stmt"/>
        <line num="16" count="21" type="stmt"/>
        <line num="17" count="21" type="stmt"/>
        <line num="18" count="111" type="stmt"/>
        <line num="19" count="111" type="stmt"/>
        <line num="20" count="111" type="cond" truecount="4" falsecount="0"/>
        <line num="21" count="48" type="cond" truecount="5" falsecount="0"/>
        <line num="22" count="3" type="stmt"/>
        <line num="23" count="3" type="stmt"/>
        <line num="24" count="45" type="cond" truecount="4" falsecount="1"/>
        <line num="25" count="0" type="stmt"/>
        <line num="26" count="0" type="stmt"/>
        <line num="27" count="45" type="cond" truecount="4" falsecount="0"/>
        <line num="28" count="12" type="stmt"/>
        <line num="29" count="33" type="cond" truecount="2" falsecount="0"/>
        <line num="30" count="21" type="stmt"/>
        <line num="32" count="12" type="stmt"/>
        <line num="33" count="12" type="stmt"/>
        <line num="35" count="63" type="cond" truecount="4" falsecount="0"/>
        <line num="36" count="27" type="cond" truecount="2" falsecount="0"/>
        <line num="37" count="3" type="stmt"/>
        <line num="39" count="24" type="stmt"/>
        <line num="41" count="36" type="cond" truecount="2" falsecount="0"/>
        <line num="42" count="6" type="stmt"/>
        <line num="44" count="30" type="stmt"/>
        <line num="46" count="111" type="stmt"/>
        <line num="48" count="21" type="stmt"/>
        <line num="51" count="9" type="stmt"/>
        <line num="52" count="9" type="stmt"/>
        <line num="53" count="9" type="stmt"/>
        <line num="55" count="9" type="stmt"/>
        <line num="59" count="9" type="stmt"/>
        <line num="60" count="9" type="stmt"/>
      </file>
      <file name="parsers.js" path="/home/prozex/frontend-project-lvl2/src/parsers.js">
        <metrics statements="5" coveredstatements="4" conditionals="6" coveredconditionals="5" methods="1" coveredmethods="1"/>
        <line num="6" count="18" type="cond" truecount="4" falsecount="0"/>
        <line num="7" count="9" type="stmt"/>
        <line num="9" count="9" type="cond" truecount="1" falsecount="1"/>
        <line num="10" count="9" type="stmt"/>
        <line num="12" count="0" type="stmt"/>
      </file>
    </package>
  </project>
</coverage>
