{"/home/prozex/frontend-project-lvl2/formatters/index.js": {"path":"/home/prozex/frontend-project-lvl2/formatters/index.js","statementMap":{"0":{"start":{"line":6,"column":2},"end":{"line":8,"column":3}},"1":{"start":{"line":7,"column":4},"end":{"line":7,"column":33}},"2":{"start":{"line":9,"column":2},"end":{"line":11,"column":3}},"3":{"start":{"line":10,"column":4},"end":{"line":10,"column":30}},"4":{"start":{"line":12,"column":2},"end":{"line":12,"column":29}}},"fnMap":{"0":{"name":"(anonymous_0)","decl":{"start":{"line":5,"column":15},"end":{"line":5,"column":16}},"loc":{"start":{"line":5,"column":44},"end":{"line":13,"column":1}},"line":5}},"branchMap":{"0":{"loc":{"start":{"line":5,"column":21},"end":{"line":5,"column":39}},"type":"default-arg","locations":[{"start":{"line":5,"column":30},"end":{"line":5,"column":39}}],"line":5},"1":{"loc":{"start":{"line":6,"column":2},"end":{"line":8,"column":3}},"type":"if","locations":[{"start":{"line":6,"column":2},"end":{"line":8,"column":3}},{"start":{"line":6,"column":2},"end":{"line":8,"column":3}}],"line":6},"2":{"loc":{"start":{"line":9,"column":2},"end":{"line":11,"column":3}},"type":"if","locations":[{"start":{"line":9,"column":2},"end":{"line":11,"column":3}},{"start":{"line":9,"column":2},"end":{"line":11,"column":3}}],"line":9}},"s":{"0":9,"1":7,"2":2,"3":1,"4":1},"f":{"0":9},"b":{"0":[7],"1":[7,2],"2":[1,1]},"_coverageSchema":"1a1c01bbd47fc00a2c39e90264f33305004495a9","hash":"aaef81d21efb1fd0c1657291b9c4c5409068c453"}
,"/home/prozex/frontend-project-lvl2/formatters/json.js": {"path":"/home/prozex/frontend-project-lvl2/formatters/json.js","statementMap":{"0":{"start":{"line":1,"column":19},"end":{"line":6,"column":1}},"1":{"start":{"line":2,"column":2},"end":{"line":4,"column":3}},"2":{"start":{"line":3,"column":4},"end":{"line":3,"column":21}},"3":{"start":{"line":5,"column":2},"end":{"line":5,"column":46}},"4":{"start":{"line":9,"column":18},"end":{"line":16,"column":4}},"5":{"start":{"line":9,"column":27},"end":{"line":16,"column":4}},"6":{"start":{"line":10,"column":16},"end":{"line":14,"column":5}},"7":{"start":{"line":15,"column":4},"end":{"line":15,"column":15}},"8":{"start":{"line":18,"column":2},"end":{"line":18,"column":39}}},"fnMap":{"0":{"name":"(anonymous_0)","decl":{"start":{"line":1,"column":19},"end":{"line":1,"column":20}},"loc":{"start":{"line":1,"column":28},"end":{"line":6,"column":1}},"line":1},"1":{"name":"(anonymous_1)","decl":{"start":{"line":8,"column":15},"end":{"line":8,"column":16}},"loc":{"start":{"line":8,"column":25},"end":{"line":19,"column":1}},"line":8},"2":{"name":"(anonymous_2)","decl":{"start":{"line":9,"column":18},"end":{"line":9,"column":19}},"loc":{"start":{"line":9,"column":27},"end":{"line":16,"column":4}},"line":9},"3":{"name":"(anonymous_3)","decl":{"start":{"line":9,"column":35},"end":{"line":9,"column":36}},"loc":{"start":{"line":9,"column":45},"end":{"line":16,"column":3}},"line":9}},"branchMap":{"0":{"loc":{"start":{"line":2,"column":2},"end":{"line":4,"column":3}},"type":"if","locations":[{"start":{"line":2,"column":2},"end":{"line":4,"column":3}},{"start":{"line":2,"column":2},"end":{"line":4,"column":3}}],"line":2},"1":{"loc":{"start":{"line":5,"column":9},"end":{"line":5,"column":45}},"type":"cond-expr","locations":[{"start":{"line":5,"column":23},"end":{"line":5,"column":30}},{"start":{"line":5,"column":33},"end":{"line":5,"column":45}}],"line":5},"2":{"loc":{"start":{"line":13,"column":13},"end":{"line":13,"column":64}},"type":"cond-expr","locations":[{"start":{"line":13,"column":38},"end":{"line":13,"column":54}},{"start":{"line":13,"column":57},"end":{"line":13,"column":64}}],"line":13}},"s":{"0":1,"1":31,"2":6,"3":25,"4":1,"5":12,"6":31,"7":31,"8":1},"f":{"0":31,"1":1,"2":12,"3":31},"b":{"0":[6,25],"1":[9,16],"2":[11,20]},"_coverageSchema":"1a1c01bbd47fc00a2c39e90264f33305004495a9","hash":"b8c6477bd8915913463826ad3cc14ff1c8057b4d"}
,"/home/prozex/frontend-project-lvl2/formatters/plain.js": {"path":"/home/prozex/frontend-project-lvl2/formatters/plain.js","statementMap":{"0":{"start":{"line":3,"column":18},"end":{"line":8,"column":1}},"1":{"start":{"line":4,"column":2},"end":{"line":6,"column":3}},"2":{"start":{"line":5,"column":4},"end":{"line":5,"column":29}},"3":{"start":{"line":7,"column":2},"end":{"line":7,"column":58}},"4":{"start":{"line":11,"column":20},"end":{"line":31,"column":8}},"5":{"start":{"line":11,"column":34},"end":{"line":31,"column":8}},"6":{"start":{"line":12,"column":21},"end":{"line":12,"column":63}},"7":{"start":{"line":13,"column":18},"end":{"line":13,"column":36}},"8":{"start":{"line":15,"column":4},"end":{"line":17,"column":5}},"9":{"start":{"line":16,"column":6},"end":{"line":16,"column":70}},"10":{"start":{"line":19,"column":4},"end":{"line":24,"column":5}},"11":{"start":{"line":20,"column":6},"end":{"line":22,"column":7}},"12":{"start":{"line":21,"column":8},"end":{"line":21,"column":106}},"13":{"start":{"line":23,"column":6},"end":{"line":23,"column":70}},"14":{"start":{"line":26,"column":4},"end":{"line":28,"column":5}},"15":{"start":{"line":27,"column":6},"end":{"line":27,"column":57}},"16":{"start":{"line":30,"column":4},"end":{"line":30,"column":15}},"17":{"start":{"line":33,"column":21},"end":{"line":33,"column":40}},"18":{"start":{"line":35,"column":2},"end":{"line":55,"column":9}},"19":{"start":{"line":36,"column":18},"end":{"line":36,"column":42}},"20":{"start":{"line":38,"column":4},"end":{"line":43,"column":5}},"21":{"start":{"line":39,"column":23},"end":{"line":39,"column":70}},"22":{"start":{"line":40,"column":6},"end":{"line":42,"column":51}},"23":{"start":{"line":45,"column":4},"end":{"line":49,"column":5}},"24":{"start":{"line":46,"column":6},"end":{"line":48,"column":52}},"25":{"start":{"line":51,"column":21},"end":{"line":51,"column":95}},"26":{"start":{"line":52,"column":4},"end":{"line":54,"column":49}}},"fnMap":{"0":{"name":"(anonymous_0)","decl":{"start":{"line":3,"column":18},"end":{"line":3,"column":19}},"loc":{"start":{"line":3,"column":29},"end":{"line":8,"column":1}},"line":3},"1":{"name":"(anonymous_1)","decl":{"start":{"line":10,"column":15},"end":{"line":10,"column":16}},"loc":{"start":{"line":10,"column":25},"end":{"line":56,"column":1}},"line":10},"2":{"name":"(anonymous_2)","decl":{"start":{"line":11,"column":20},"end":{"line":11,"column":21}},"loc":{"start":{"line":11,"column":34},"end":{"line":31,"column":8}},"line":11},"3":{"name":"(anonymous_3)","decl":{"start":{"line":11,"column":45},"end":{"line":11,"column":46}},"loc":{"start":{"line":11,"column":60},"end":{"line":31,"column":3}},"line":11},"4":{"name":"(anonymous_4)","decl":{"start":{"line":35,"column":40},"end":{"line":35,"column":41}},"loc":{"start":{"line":35,"column":54},"end":{"line":55,"column":3}},"line":35}},"branchMap":{"0":{"loc":{"start":{"line":4,"column":2},"end":{"line":6,"column":3}},"type":"if","locations":[{"start":{"line":4,"column":2},"end":{"line":6,"column":3}},{"start":{"line":4,"column":2},"end":{"line":6,"column":3}}],"line":4},"1":{"loc":{"start":{"line":7,"column":9},"end":{"line":7,"column":57}},"type":"cond-expr","locations":[{"start":{"line":7,"column":37},"end":{"line":7,"column":49}},{"start":{"line":7,"column":52},"end":{"line":7,"column":57}}],"line":7},"2":{"loc":{"start":{"line":12,"column":21},"end":{"line":12,"column":63}},"type":"cond-expr","locations":[{"start":{"line":12,"column":34},"end":{"line":12,"column":41}},{"start":{"line":12,"column":44},"end":{"line":12,"column":63}}],"line":12},"3":{"loc":{"start":{"line":15,"column":4},"end":{"line":17,"column":5}},"type":"if","locations":[{"start":{"line":15,"column":4},"end":{"line":17,"column":5}},{"start":{"line":15,"column":4},"end":{"line":17,"column":5}}],"line":15},"4":{"loc":{"start":{"line":19,"column":4},"end":{"line":24,"column":5}},"type":"if","locations":[{"start":{"line":19,"column":4},"end":{"line":24,"column":5}},{"start":{"line":19,"column":4},"end":{"line":24,"column":5}}],"line":19},"5":{"loc":{"start":{"line":20,"column":6},"end":{"line":22,"column":7}},"type":"if","locations":[{"start":{"line":20,"column":6},"end":{"line":22,"column":7}},{"start":{"line":20,"column":6},"end":{"line":22,"column":7}}],"line":20},"6":{"loc":{"start":{"line":26,"column":4},"end":{"line":28,"column":5}},"type":"if","locations":[{"start":{"line":26,"column":4},"end":{"line":28,"column":5}},{"start":{"line":26,"column":4},"end":{"line":28,"column":5}}],"line":26},"7":{"loc":{"start":{"line":38,"column":4},"end":{"line":43,"column":5}},"type":"if","locations":[{"start":{"line":38,"column":4},"end":{"line":43,"column":5}},{"start":{"line":38,"column":4},"end":{"line":43,"column":5}}],"line":38},"8":{"loc":{"start":{"line":40,"column":13},"end":{"line":42,"column":50}},"type":"cond-expr","locations":[{"start":{"line":41,"column":10},"end":{"line":41,"column":32}},{"start":{"line":42,"column":10},"end":{"line":42,"column":50}}],"line":40},"9":{"loc":{"start":{"line":45,"column":4},"end":{"line":49,"column":5}},"type":"if","locations":[{"start":{"line":45,"column":4},"end":{"line":49,"column":5}},{"start":{"line":45,"column":4},"end":{"line":49,"column":5}}],"line":45},"10":{"loc":{"start":{"line":46,"column":13},"end":{"line":48,"column":51}},"type":"cond-expr","locations":[{"start":{"line":47,"column":10},"end":{"line":47,"column":33}},{"start":{"line":48,"column":10},"end":{"line":48,"column":51}}],"line":46},"11":{"loc":{"start":{"line":52,"column":11},"end":{"line":54,"column":48}},"type":"cond-expr","locations":[{"start":{"line":53,"column":8},"end":{"line":53,"column":30}},{"start":{"line":54,"column":8},"end":{"line":54,"column":48}}],"line":52}},"s":{"0":1,"1":22,"2":8,"3":14,"4":1,"5":5,"6":22,"7":22,"8":22,"9":6,"10":16,"11":9,"12":4,"13":5,"14":7,"15":4,"16":3,"17":1,"18":1,"19":11,"20":11,"21":5,"22":5,"23":6,"24":2,"25":4,"26":4},"f":{"0":22,"1":1,"2":5,"3":22,"4":11},"b":{"0":[8,14],"1":[10,4],"2":[4,18],"3":[6,16],"4":[9,7],"5":[4,5],"6":[4,3],"7":[5,6],"8":[1,4],"9":[2,4],"10":[0,2],"11":[0,4]},"_coverageSchema":"1a1c01bbd47fc00a2c39e90264f33305004495a9","hash":"73f2cb7ea1d3b50480e5e2bf576445834d8d9300"}
,"/home/prozex/frontend-project-lvl2/formatters/stylish.js": {"path":"/home/prozex/frontend-project-lvl2/formatters/stylish.js","statementMap":{"0":{"start":{"line":1,"column":18},"end":{"line":1,"column":47}},"1":{"start":{"line":1,"column":29},"end":{"line":1,"column":47}},"2":{"start":{"line":4,"column":14},"end":{"line":17,"column":3}},"3":{"start":{"line":5,"column":14},"end":{"line":5,"column":16}},"4":{"start":{"line":6,"column":4},"end":{"line":15,"column":7}},"5":{"start":{"line":7,"column":6},"end":{"line":7,"column":69}},"6":{"start":{"line":8,"column":6},"end":{"line":13,"column":7}},"7":{"start":{"line":9,"column":8},"end":{"line":9,"column":64}},"8":{"start":{"line":10,"column":8},"end":{"line":10,"column":53}},"9":{"start":{"line":12,"column":8},"end":{"line":12,"column":34}},"10":{"start":{"line":14,"column":6},"end":{"line":14,"column":29}},"11":{"start":{"line":16,"column":4},"end":{"line":16,"column":15}},"12":{"start":{"line":18,"column":2},"end":{"line":18,"column":31}}},"fnMap":{"0":{"name":"(anonymous_0)","decl":{"start":{"line":1,"column":18},"end":{"line":1,"column":19}},"loc":{"start":{"line":1,"column":29},"end":{"line":1,"column":47}},"line":1},"1":{"name":"(anonymous_1)","decl":{"start":{"line":3,"column":15},"end":{"line":3,"column":16}},"loc":{"start":{"line":3,"column":25},"end":{"line":19,"column":1}},"line":3},"2":{"name":"(anonymous_2)","decl":{"start":{"line":4,"column":14},"end":{"line":4,"column":15}},"loc":{"start":{"line":4,"column":30},"end":{"line":17,"column":3}},"line":4},"3":{"name":"(anonymous_3)","decl":{"start":{"line":6,"column":16},"end":{"line":6,"column":17}},"loc":{"start":{"line":6,"column":26},"end":{"line":15,"column":5}},"line":6}},"branchMap":{"0":{"loc":{"start":{"line":8,"column":6},"end":{"line":13,"column":7}},"type":"if","locations":[{"start":{"line":8,"column":6},"end":{"line":13,"column":7}},{"start":{"line":8,"column":6},"end":{"line":13,"column":7}}],"line":8}},"s":{"0":1,"1":102,"2":7,"3":18,"4":18,"5":91,"6":91,"7":11,"8":11,"9":80,"10":91,"11":18,"12":7},"f":{"0":102,"1":7,"2":18,"3":91},"b":{"0":[11,80]},"_coverageSchema":"1a1c01bbd47fc00a2c39e90264f33305004495a9","hash":"54edd4da6084d6c2bf67d31fe87a07714aaeead1"}
,"/home/prozex/frontend-project-lvl2/src/diff.js": {"path":"/home/prozex/frontend-project-lvl2/src/diff.js","statementMap":{"0":{"start":{"line":5,"column":17},"end":{"line":12,"column":1}},"1":{"start":{"line":6,"column":15},"end":{"line":6,"column":31}},"2":{"start":{"line":7,"column":14},"end":{"line":10,"column":8}},"3":{"start":{"line":8,"column":4},"end":{"line":8,"column":87}},"4":{"start":{"line":9,"column":4},"end":{"line":9,"column":15}},"5":{"start":{"line":11,"column":2},"end":{"line":11,"column":13}},"6":{"start":{"line":14,"column":16},"end":{"line":104,"column":1}},"7":{"start":{"line":51,"column":19},"end":{"line":97,"column":3}},"8":{"start":{"line":52,"column":17},"end":{"line":52,"column":78}},"9":{"start":{"line":54,"column":16},"end":{"line":95,"column":10}},"10":{"start":{"line":55,"column":18},"end":{"line":55,"column":34}},"11":{"start":{"line":56,"column":18},"end":{"line":56,"column":34}},"12":{"start":{"line":57,"column":6},"end":{"line":79,"column":7}},"13":{"start":{"line":58,"column":8},"end":{"line":62,"column":9}},"14":{"start":{"line":59,"column":10},"end":{"line":59,"column":82}},"15":{"start":{"line":63,"column":8},"end":{"line":67,"column":9}},"16":{"start":{"line":64,"column":10},"end":{"line":64,"column":82}},"17":{"start":{"line":68,"column":8},"end":{"line":71,"column":9}},"18":{"start":{"line":69,"column":10},"end":{"line":69,"column":70}},"19":{"start":{"line":72,"column":8},"end":{"line":75,"column":9}},"20":{"start":{"line":73,"column":10},"end":{"line":73,"column":49}},"21":{"start":{"line":76,"column":8},"end":{"line":76,"column":70}},"22":{"start":{"line":80,"column":6},"end":{"line":87,"column":7}},"23":{"start":{"line":81,"column":8},"end":{"line":84,"column":9}},"24":{"start":{"line":82,"column":10},"end":{"line":82,"column":59}},"25":{"start":{"line":85,"column":8},"end":{"line":85,"column":47}},"26":{"start":{"line":88,"column":6},"end":{"line":91,"column":7}},"27":{"start":{"line":89,"column":8},"end":{"line":89,"column":57}},"28":{"start":{"line":92,"column":6},"end":{"line":92,"column":45}},"29":{"start":{"line":96,"column":4},"end":{"line":96,"column":15}},"30":{"start":{"line":99,"column":16},"end":{"line":99,"column":32}},"31":{"start":{"line":100,"column":16},"end":{"line":100,"column":32}},"32":{"start":{"line":101,"column":17},"end":{"line":101,"column":39}},"33":{"start":{"line":103,"column":2},"end":{"line":103,"column":16}},"34":{"start":{"line":107,"column":14},"end":{"line":107,"column":43}},"35":{"start":{"line":108,"column":2},"end":{"line":108,"column":41}}},"fnMap":{"0":{"name":"(anonymous_0)","decl":{"start":{"line":5,"column":17},"end":{"line":5,"column":18}},"loc":{"start":{"line":5,"column":26},"end":{"line":12,"column":1}},"line":5},"1":{"name":"(anonymous_1)","decl":{"start":{"line":7,"column":26},"end":{"line":7,"column":27}},"loc":{"start":{"line":7,"column":40},"end":{"line":10,"column":3}},"line":7},"2":{"name":"(anonymous_2)","decl":{"start":{"line":14,"column":16},"end":{"line":14,"column":17}},"loc":{"start":{"line":14,"column":42},"end":{"line":104,"column":1}},"line":14},"3":{"name":"(anonymous_3)","decl":{"start":{"line":51,"column":19},"end":{"line":51,"column":20}},"loc":{"start":{"line":51,"column":35},"end":{"line":97,"column":3}},"line":51},"4":{"name":"(anonymous_4)","decl":{"start":{"line":54,"column":28},"end":{"line":54,"column":29}},"loc":{"start":{"line":54,"column":42},"end":{"line":95,"column":5}},"line":54},"5":{"name":"(anonymous_5)","decl":{"start":{"line":106,"column":15},"end":{"line":106,"column":16}},"loc":{"start":{"line":106,"column":49},"end":{"line":109,"column":1}},"line":106}},"branchMap":{"0":{"loc":{"start":{"line":8,"column":24},"end":{"line":8,"column":84}},"type":"cond-expr","locations":[{"start":{"line":8,"column":55},"end":{"line":8,"column":73}},{"start":{"line":8,"column":76},"end":{"line":8,"column":84}}],"line":8},"1":{"loc":{"start":{"line":57,"column":6},"end":{"line":79,"column":7}},"type":"if","locations":[{"start":{"line":57,"column":6},"end":{"line":79,"column":7}},{"start":{"line":57,"column":6},"end":{"line":79,"column":7}}],"line":57},"2":{"loc":{"start":{"line":57,"column":10},"end":{"line":57,"column":20}},"type":"binary-expr","locations":[{"start":{"line":57,"column":10},"end":{"line":57,"column":13}},{"start":{"line":57,"column":17},"end":{"line":57,"column":20}}],"line":57},"3":{"loc":{"start":{"line":58,"column":8},"end":{"line":62,"column":9}},"type":"if","locations":[{"start":{"line":58,"column":8},"end":{"line":62,"column":9}},{"start":{"line":58,"column":8},"end":{"line":62,"column":9}}],"line":58},"4":{"loc":{"start":{"line":58,"column":12},"end":{"line":58,"column":102}},"type":"binary-expr","locations":[{"start":{"line":58,"column":13},"end":{"line":58,"column":42}},{"start":{"line":58,"column":48},"end":{"line":58,"column":66}},{"start":{"line":58,"column":72},"end":{"line":58,"column":101}}],"line":58},"5":{"loc":{"start":{"line":63,"column":8},"end":{"line":67,"column":9}},"type":"if","locations":[{"start":{"line":63,"column":8},"end":{"line":67,"column":9}},{"start":{"line":63,"column":8},"end":{"line":67,"column":9}}],"line":63},"6":{"loc":{"start":{"line":63,"column":12},"end":{"line":63,"column":102}},"type":"binary-expr","locations":[{"start":{"line":63,"column":13},"end":{"line":63,"column":42}},{"start":{"line":63,"column":48},"end":{"line":63,"column":77}},{"start":{"line":63,"column":83},"end":{"line":63,"column":101}}],"line":63},"7":{"loc":{"start":{"line":68,"column":8},"end":{"line":71,"column":9}},"type":"if","locations":[{"start":{"line":68,"column":8},"end":{"line":71,"column":9}},{"start":{"line":68,"column":8},"end":{"line":71,"column":9}}],"line":68},"8":{"loc":{"start":{"line":68,"column":13},"end":{"line":68,"column":79}},"type":"binary-expr","locations":[{"start":{"line":68,"column":14},"end":{"line":68,"column":43}},{"start":{"line":68,"column":49},"end":{"line":68,"column":78}}],"line":68},"9":{"loc":{"start":{"line":72,"column":8},"end":{"line":75,"column":9}},"type":"if","locations":[{"start":{"line":72,"column":8},"end":{"line":75,"column":9}},{"start":{"line":72,"column":8},"end":{"line":75,"column":9}}],"line":72},"10":{"loc":{"start":{"line":80,"column":6},"end":{"line":87,"column":7}},"type":"if","locations":[{"start":{"line":80,"column":6},"end":{"line":87,"column":7}},{"start":{"line":80,"column":6},"end":{"line":87,"column":7}}],"line":80},"11":{"loc":{"start":{"line":80,"column":10},"end":{"line":80,"column":21}},"type":"binary-expr","locations":[{"start":{"line":80,"column":10},"end":{"line":80,"column":13}},{"start":{"line":80,"column":17},"end":{"line":80,"column":21}}],"line":80},"12":{"loc":{"start":{"line":81,"column":8},"end":{"line":84,"column":9}},"type":"if","locations":[{"start":{"line":81,"column":8},"end":{"line":84,"column":9}},{"start":{"line":81,"column":8},"end":{"line":84,"column":9}}],"line":81},"13":{"loc":{"start":{"line":88,"column":6},"end":{"line":91,"column":7}},"type":"if","locations":[{"start":{"line":88,"column":6},"end":{"line":91,"column":7}},{"start":{"line":88,"column":6},"end":{"line":91,"column":7}}],"line":88}},"s":{"0":1,"1":21,"2":21,"3":27,"4":27,"5":21,"6":1,"7":9,"8":21,"9":21,"10":111,"11":111,"12":111,"13":48,"14":3,"15":45,"16":0,"17":45,"18":12,"19":33,"20":21,"21":12,"22":63,"23":27,"24":3,"25":24,"26":36,"27":6,"28":30,"29":21,"30":9,"31":9,"32":9,"33":9,"34":9,"35":9},"f":{"0":21,"1":27,"2":9,"3":21,"4":111,"5":9},"b":{"0":[9,18],"1":[48,63],"2":[111,75],"3":[3,45],"4":[48,15,15],"5":[0,45],"6":[45,33,3],"7":[12,33],"8":[45,12],"9":[21,12],"10":[27,36],"11":[63,27],"12":[3,24],"13":[6,30]},"_coverageSchema":"1a1c01bbd47fc00a2c39e90264f33305004495a9","hash":"92df8e09f962ca740e8e32cdcee9dc1de30bb4b8"}
,"/home/prozex/frontend-project-lvl2/src/parsers.js": {"path":"/home/prozex/frontend-project-lvl2/src/parsers.js","statementMap":{"0":{"start":{"line":6,"column":2},"end":{"line":8,"column":3}},"1":{"start":{"line":7,"column":4},"end":{"line":7,"column":56}},"2":{"start":{"line":9,"column":2},"end":{"line":11,"column":3}},"3":{"start":{"line":10,"column":4},"end":{"line":10,"column":57}},"4":{"start":{"line":12,"column":2},"end":{"line":12,"column":37}}},"fnMap":{"0":{"name":"(anonymous_0)","decl":{"start":{"line":5,"column":15},"end":{"line":5,"column":16}},"loc":{"start":{"line":5,"column":29},"end":{"line":13,"column":1}},"line":5}},"branchMap":{"0":{"loc":{"start":{"line":6,"column":2},"end":{"line":8,"column":3}},"type":"if","locations":[{"start":{"line":6,"column":2},"end":{"line":8,"column":3}},{"start":{"line":6,"column":2},"end":{"line":8,"column":3}}],"line":6},"1":{"loc":{"start":{"line":6,"column":6},"end":{"line":6,"column":81}},"type":"binary-expr","locations":[{"start":{"line":6,"column":7},"end":{"line":6,"column":40}},{"start":{"line":6,"column":46},"end":{"line":6,"column":80}}],"line":6},"2":{"loc":{"start":{"line":9,"column":2},"end":{"line":11,"column":3}},"type":"if","locations":[{"start":{"line":9,"column":2},"end":{"line":11,"column":3}},{"start":{"line":9,"column":2},"end":{"line":11,"column":3}}],"line":9}},"s":{"0":18,"1":9,"2":9,"3":9,"4":0},"f":{"0":18},"b":{"0":[9,9],"1":[18,12],"2":[9,0]},"_coverageSchema":"1a1c01bbd47fc00a2c39e90264f33305004495a9","hash":"815e2396ba3b194cf63d0460f9878eaeee40bcd9"}
}
