{"/home/prozex/frontend-project-lvl2/__fixtures__/flatDiff1.js": {"path":"/home/prozex/frontend-project-lvl2/__fixtures__/flatDiff1.js","statementMap":{},"fnMap":{},"branchMap":{},"s":{},"f":{},"b":{},"_coverageSchema":"1a1c01bbd47fc00a2c39e90264f33305004495a9","hash":"5ff190ce9455101a9dc886567fd50ef28de00dec"}
,"/home/prozex/frontend-project-lvl2/__fixtures__/flatDiff2.js": {"path":"/home/prozex/frontend-project-lvl2/__fixtures__/flatDiff2.js","statementMap":{},"fnMap":{},"branchMap":{},"s":{},"f":{},"b":{},"_coverageSchema":"1a1c01bbd47fc00a2c39e90264f33305004495a9","hash":"fc9d7b1dbffa52418404ecd9a716817f9c1b56e6"}
,"/home/prozex/frontend-project-lvl2/__fixtures__/jsonDiff.js": {"path":"/home/prozex/frontend-project-lvl2/__fixtures__/jsonDiff.js","statementMap":{},"fnMap":{},"branchMap":{},"s":{},"f":{},"b":{},"_coverageSchema":"1a1c01bbd47fc00a2c39e90264f33305004495a9","hash":"de11b3cfcf87fd25df0de99eb9b9255d95fab7ec"}
,"/home/prozex/frontend-project-lvl2/__fixtures__/plainDiff.js": {"path":"/home/prozex/frontend-project-lvl2/__fixtures__/plainDiff.js","statementMap":{},"fnMap":{},"branchMap":{},"s":{},"f":{},"b":{},"_coverageSchema":"1a1c01bbd47fc00a2c39e90264f33305004495a9","hash":"affa2f784e544011af29015351d7ac05fd010dd3"}
,"/home/prozex/frontend-project-lvl2/__fixtures__/stylishDiff.js": {"path":"/home/prozex/frontend-project-lvl2/__fixtures__/stylishDiff.js","statementMap":{},"fnMap":{},"branchMap":{},"s":{},"f":{},"b":{},"_coverageSchema":"1a1c01bbd47fc00a2c39e90264f33305004495a9","hash":"33146739adec35a28508b05b55afd150d35e2957"}
,"/home/prozex/frontend-project-lvl2/formatters/index.js": {"path":"/home/prozex/frontend-project-lvl2/formatters/index.js","statementMap":{"0":{"start":{"line":6,"column":2},"end":{"line":8,"column":3}},"1":{"start":{"line":7,"column":4},"end":{"line":7,"column":33}},"2":{"start":{"line":9,"column":2},"end":{"line":11,"column":3}},"3":{"start":{"line":10,"column":4},"end":{"line":10,"column":30}},"4":{"start":{"line":12,"column":2},"end":{"line":12,"column":29}}},"fnMap":{"0":{"name":"(anonymous_0)","decl":{"start":{"line":5,"column":15},"end":{"line":5,"column":16}},"loc":{"start":{"line":5,"column":44},"end":{"line":13,"column":1}},"line":5}},"branchMap":{"0":{"loc":{"start":{"line":5,"column":21},"end":{"line":5,"column":39}},"type":"default-arg","locations":[{"start":{"line":5,"column":30},"end":{"line":5,"column":39}}],"line":5},"1":{"loc":{"start":{"line":6,"column":2},"end":{"line":8,"column":3}},"type":"if","locations":[{"start":{"line":6,"column":2},"end":{"line":8,"column":3}},{"start":{"line":6,"column":2},"end":{"line":8,"column":3}}],"line":6},"2":{"loc":{"start":{"line":9,"column":2},"end":{"line":11,"column":3}},"type":"if","locations":[{"start":{"line":9,"column":2},"end":{"line":11,"column":3}},{"start":{"line":9,"column":2},"end":{"line":11,"column":3}}],"line":9}},"s":{"0":9,"1":7,"2":2,"3":1,"4":1},"f":{"0":9},"b":{"0":[7],"1":[7,2],"2":[1,1]},"_coverageSchema":"1a1c01bbd47fc00a2c39e90264f33305004495a9","hash":"aaef81d21efb1fd0c1657291b9c4c5409068c453"}
,"/home/prozex/frontend-project-lvl2/formatters/json.js": {"path":"/home/prozex/frontend-project-lvl2/formatters/json.js","statementMap":{"0":{"start":{"line":1,"column":19},"end":{"line":6,"column":1}},"1":{"start":{"line":2,"column":2},"end":{"line":4,"column":3}},"2":{"start":{"line":3,"column":4},"end":{"line":3,"column":21}},"3":{"start":{"line":5,"column":2},"end":{"line":5,"column":46}},"4":{"start":{"line":9,"column":18},"end":{"line":16,"column":4}},"5":{"start":{"line":9,"column":27},"end":{"line":16,"column":4}},"6":{"start":{"line":10,"column":16},"end":{"line":14,"column":5}},"7":{"start":{"line":15,"column":4},"end":{"line":15,"column":15}},"8":{"start":{"line":18,"column":2},"end":{"line":18,"column":39}}},"fnMap":{"0":{"name":"(anonymous_0)","decl":{"start":{"line":1,"column":19},"end":{"line":1,"column":20}},"loc":{"start":{"line":1,"column":28},"end":{"line":6,"column":1}},"line":1},"1":{"name":"(anonymous_1)","decl":{"start":{"line":8,"column":15},"end":{"line":8,"column":16}},"loc":{"start":{"line":8,"column":25},"end":{"line":19,"column":1}},"line":8},"2":{"name":"(anonymous_2)","decl":{"start":{"line":9,"column":18},"end":{"line":9,"column":19}},"loc":{"start":{"line":9,"column":27},"end":{"line":16,"column":4}},"line":9},"3":{"name":"(anonymous_3)","decl":{"start":{"line":9,"column":35},"end":{"line":9,"column":36}},"loc":{"start":{"line":9,"column":45},"end":{"line":16,"column":3}},"line":9}},"branchMap":{"0":{"loc":{"start":{"line":2,"column":2},"end":{"line":4,"column":3}},"type":"if","locations":[{"start":{"line":2,"column":2},"end":{"line":4,"column":3}},{"start":{"line":2,"column":2},"end":{"line":4,"column":3}}],"line":2},"1":{"loc":{"start":{"line":5,"column":9},"end":{"line":5,"column":45}},"type":"cond-expr","locations":[{"start":{"line":5,"column":23},"end":{"line":5,"column":30}},{"start":{"line":5,"column":33},"end":{"line":5,"column":45}}],"line":5},"2":{"loc":{"start":{"line":13,"column":13},"end":{"line":13,"column":64}},"type":"cond-expr","locations":[{"start":{"line":13,"column":38},"end":{"line":13,"column":54}},{"start":{"line":13,"column":57},"end":{"line":13,"column":64}}],"line":13}},"s":{"0":1,"1":31,"2":6,"3":25,"4":1,"5":12,"6":31,"7":31,"8":1},"f":{"0":31,"1":1,"2":12,"3":31},"b":{"0":[6,25],"1":[9,16],"2":[11,20]},"_coverageSchema":"1a1c01bbd47fc00a2c39e90264f33305004495a9","hash":"b8c6477bd8915913463826ad3cc14ff1c8057b4d"}
,"/home/prozex/frontend-project-lvl2/formatters/plain.js": {"path":"/home/prozex/frontend-project-lvl2/formatters/plain.js","statementMap":{"0":{"start":{"line":3,"column":18},"end":{"line":8,"column":1}},"1":{"start":{"line":4,"column":2},"end":{"line":6,"column":3}},"2":{"start":{"line":5,"column":4},"end":{"line":5,"column":29}},"3":{"start":{"line":7,"column":2},"end":{"line":7,"column":58}},"4":{"start":{"line":11,"column":20},"end":{"line":31,"column":8}},"5":{"start":{"line":11,"column":34},"end":{"line":31,"column":8}},"6":{"start":{"line":12,"column":21},"end":{"line":12,"column":63}},"7":{"start":{"line":13,"column":18},"end":{"line":13,"column":36}},"8":{"start":{"line":15,"column":4},"end":{"line":17,"column":5}},"9":{"start":{"line":16,"column":6},"end":{"line":16,"column":70}},"10":{"start":{"line":19,"column":4},"end":{"line":24,"column":5}},"11":{"start":{"line":20,"column":6},"end":{"line":22,"column":7}},"12":{"start":{"line":21,"column":8},"end":{"line":21,"column":106}},"13":{"start":{"line":23,"column":6},"end":{"line":23,"column":70}},"14":{"start":{"line":26,"column":4},"end":{"line":28,"column":5}},"15":{"start":{"line":27,"column":6},"end":{"line":27,"column":57}},"16":{"start":{"line":30,"column":4},"end":{"line":30,"column":15}},"17":{"start":{"line":33,"column":21},"end":{"line":33,"column":40}},"18":{"start":{"line":35,"column":2},"end":{"line":55,"column":9}},"19":{"start":{"line":36,"column":18},"end":{"line":36,"column":42}},"20":{"start":{"line":38,"column":4},"end":{"line":43,"column":5}},"21":{"start":{"line":39,"column":23},"end":{"line":39,"column":70}},"22":{"start":{"line":40,"column":6},"end":{"line":42,"column":51}},"23":{"start":{"line":45,"column":4},"end":{"line":49,"column":5}},"24":{"start":{"line":46,"column":6},"end":{"line":48,"column":52}},"25":{"start":{"line":51,"column":21},"end":{"line":51,"column":95}},"26":{"start":{"line":52,"column":4},"end":{"line":54,"column":49}}},"fnMap":{"0":{"name":"(anonymous_0)","decl":{"start":{"line":3,"column":18},"end":{"line":3,"column":19}},"loc":{"start":{"line":3,"column":29},"end":{"line":8,"column":1}},"line":3},"1":{"name":"(anonymous_1)","decl":{"start":{"line":10,"column":15},"end":{"line":10,"column":16}},"loc":{"start":{"line":10,"column":25},"end":{"line":56,"column":1}},"line":10},"2":{"name":"(anonymous_2)","decl":{"start":{"line":11,"column":20},"end":{"line":11,"column":21}},"loc":{"start":{"line":11,"column":34},"end":{"line":31,"column":8}},"line":11},"3":{"name":"(anonymous_3)","decl":{"start":{"line":11,"column":45},"end":{"line":11,"column":46}},"loc":{"start":{"line":11,"column":60},"end":{"line":31,"column":3}},"line":11},"4":{"name":"(anonymous_4)","decl":{"start":{"line":35,"column":40},"end":{"line":35,"column":41}},"loc":{"start":{"line":35,"column":54},"end":{"line":55,"column":3}},"line":35}},"branchMap":{"0":{"loc":{"start":{"line":4,"column":2},"end":{"line":6,"column":3}},"type":"if","locations":[{"start":{"line":4,"column":2},"end":{"line":6,"column":3}},{"start":{"line":4,"column":2},"end":{"line":6,"column":3}}],"line":4},"1":{"loc":{"start":{"line":7,"column":9},"end":{"line":7,"column":57}},"type":"cond-expr","locations":[{"start":{"line":7,"column":37},"end":{"line":7,"column":49}},{"start":{"line":7,"column":52},"end":{"line":7,"column":57}}],"line":7},"2":{"loc":{"start":{"line":12,"column":21},"end":{"line":12,"column":63}},"type":"cond-expr","locations":[{"start":{"line":12,"column":34},"end":{"line":12,"column":41}},{"start":{"line":12,"column":44},"end":{"line":12,"column":63}}],"line":12},"3":{"loc":{"start":{"line":15,"column":4},"end":{"line":17,"column":5}},"type":"if","locations":[{"start":{"line":15,"column":4},"end":{"line":17,"column":5}},{"start":{"line":15,"column":4},"end":{"line":17,"column":5}}],"line":15},"4":{"loc":{"start":{"line":19,"column":4},"end":{"line":24,"column":5}},"type":"if","locations":[{"start":{"line":19,"column":4},"end":{"line":24,"column":5}},{"start":{"line":19,"column":4},"end":{"line":24,"column":5}}],"line":19},"5":{"loc":{"start":{"line":20,"column":6},"end":{"line":22,"column":7}},"type":"if","locations":[{"start":{"line":20,"column":6},"end":{"line":22,"column":7}},{"start":{"line":20,"column":6},"end":{"line":22,"column":7}}],"line":20},"6":{"loc":{"start":{"line":26,"column":4},"end":{"line":28,"column":5}},"type":"if","locations":[{"start":{"line":26,"column":4},"end":{"line":28,"column":5}},{"start":{"line":26,"column":4},"end":{"line":28,"column":5}}],"line":26},"7":{"loc":{"start":{"line":38,"column":4},"end":{"line":43,"column":5}},"type":"if","locations":[{"start":{"line":38,"column":4},"end":{"line":43,"column":5}},{"start":{"line":38,"column":4},"end":{"line":43,"column":5}}],"line":38},"8":{"loc":{"start":{"line":40,"column":13},"end":{"line":42,"column":50}},"type":"cond-expr","locations":[{"start":{"line":41,"column":10},"end":{"line":41,"column":32}},{"start":{"line":42,"column":10},"end":{"line":42,"column":50}}],"line":40},"9":{"loc":{"start":{"line":45,"column":4},"end":{"line":49,"column":5}},"type":"if","locations":[{"start":{"line":45,"column":4},"end":{"line":49,"column":5}},{"start":{"line":45,"column":4},"end":{"line":49,"column":5}}],"line":45},"10":{"loc":{"start":{"line":46,"column":13},"end":{"line":48,"column":51}},"type":"cond-expr","locations":[{"start":{"line":47,"column":10},"end":{"line":47,"column":33}},{"start":{"line":48,"column":10},"end":{"line":48,"column":51}}],"line":46},"11":{"loc":{"start":{"line":52,"column":11},"end":{"line":54,"column":48}},"type":"cond-expr","locations":[{"start":{"line":53,"column":8},"end":{"line":53,"column":30}},{"start":{"line":54,"column":8},"end":{"line":54,"column":48}}],"line":52}},"s":{"0":1,"1":22,"2":8,"3":14,"4":1,"5":5,"6":22,"7":22,"8":22,"9":6,"10":16,"11":9,"12":4,"13":5,"14":7,"15":4,"16":3,"17":1,"18":1,"19":11,"20":11,"21":5,"22":5,"23":6,"24":2,"25":4,"26":4},"f":{"0":22,"1":1,"2":5,"3":22,"4":11},"b":{"0":[8,14],"1":[10,4],"2":[4,18],"3":[6,16],"4":[9,7],"5":[4,5],"6":[4,3],"7":[5,6],"8":[1,4],"9":[2,4],"10":[0,2],"11":[0,4]},"_coverageSchema":"1a1c01bbd47fc00a2c39e90264f33305004495a9","hash":"73f2cb7ea1d3b50480e5e2bf576445834d8d9300"}
,"/home/prozex/frontend-project-lvl2/formatters/stylish.js": {"path":"/home/prozex/frontend-project-lvl2/formatters/stylish.js","statementMap":{"0":{"start":{"line":1,"column":18},"end":{"line":1,"column":47}},"1":{"start":{"line":1,"column":29},"end":{"line":1,"column":47}},"2":{"start":{"line":4,"column":14},"end":{"line":9,"column":22}},"3":{"start":{"line":4,"column":30},"end":{"line":9,"column":22}},"4":{"start":{"line":4,"column":56},"end":{"line":9,"column":17}},"5":{"start":{"line":11,"column":2},"end":{"line":11,"column":31}}},"fnMap":{"0":{"name":"(anonymous_0)","decl":{"start":{"line":1,"column":18},"end":{"line":1,"column":19}},"loc":{"start":{"line":1,"column":29},"end":{"line":1,"column":47}},"line":1},"1":{"name":"(anonymous_1)","decl":{"start":{"line":3,"column":15},"end":{"line":3,"column":16}},"loc":{"start":{"line":3,"column":25},"end":{"line":12,"column":1}},"line":3},"2":{"name":"(anonymous_2)","decl":{"start":{"line":4,"column":14},"end":{"line":4,"column":15}},"loc":{"start":{"line":4,"column":30},"end":{"line":9,"column":22}},"line":4},"3":{"name":"(anonymous_3)","decl":{"start":{"line":4,"column":41},"end":{"line":4,"column":42}},"loc":{"start":{"line":4,"column":56},"end":{"line":9,"column":17}},"line":4}},"branchMap":{"0":{"loc":{"start":{"line":6,"column":12},"end":{"line":8,"column":15}},"type":"cond-expr","locations":[{"start":{"line":7,"column":8},"end":{"line":7,"column":80}},{"start":{"line":8,"column":8},"end":{"line":8,"column":15}}],"line":6}},"s":{"0":1,"1":102,"2":7,"3":18,"4":91,"5":7},"f":{"0":102,"1":7,"2":18,"3":91},"b":{"0":[11,80]},"_coverageSchema":"1a1c01bbd47fc00a2c39e90264f33305004495a9","hash":"6894179f4b2c90c7b87bbaf25e3a33853d4614a4"}
,"/home/prozex/frontend-project-lvl2/src/diff.js": {"path":"/home/prozex/frontend-project-lvl2/src/diff.js","statementMap":{"0":{"start":{"line":5,"column":17},"end":{"line":9,"column":1}},"1":{"start":{"line":6,"column":15},"end":{"line":6,"column":31}},"2":{"start":{"line":7,"column":14},"end":{"line":7,"column":127}},"3":{"start":{"line":7,"column":40},"end":{"line":7,"column":122}},"4":{"start":{"line":8,"column":2},"end":{"line":8,"column":13}},"5":{"start":{"line":11,"column":16},"end":{"line":52,"column":1}},"6":{"start":{"line":12,"column":19},"end":{"line":45,"column":3}},"7":{"start":{"line":13,"column":17},"end":{"line":13,"column":81}},"8":{"start":{"line":15,"column":16},"end":{"line":43,"column":10}},"9":{"start":{"line":16,"column":18},"end":{"line":16,"column":34}},"10":{"start":{"line":17,"column":18},"end":{"line":17,"column":34}},"11":{"start":{"line":18,"column":6},"end":{"line":32,"column":7}},"12":{"start":{"line":19,"column":8},"end":{"line":21,"column":9}},"13":{"start":{"line":20,"column":10},"end":{"line":20,"column":82}},"14":{"start":{"line":22,"column":8},"end":{"line":24,"column":9}},"15":{"start":{"line":23,"column":10},"end":{"line":23,"column":82}},"16":{"start":{"line":25,"column":8},"end":{"line":27,"column":9}},"17":{"start":{"line":26,"column":10},"end":{"line":26,"column":70}},"18":{"start":{"line":28,"column":8},"end":{"line":30,"column":9}},"19":{"start":{"line":29,"column":10},"end":{"line":29,"column":49}},"20":{"start":{"line":31,"column":8},"end":{"line":31,"column":70}},"21":{"start":{"line":33,"column":6},"end":{"line":38,"column":7}},"22":{"start":{"line":34,"column":8},"end":{"line":36,"column":9}},"23":{"start":{"line":35,"column":10},"end":{"line":35,"column":59}},"24":{"start":{"line":37,"column":8},"end":{"line":37,"column":47}},"25":{"start":{"line":39,"column":6},"end":{"line":41,"column":7}},"26":{"start":{"line":40,"column":8},"end":{"line":40,"column":57}},"27":{"start":{"line":42,"column":6},"end":{"line":42,"column":45}},"28":{"start":{"line":44,"column":4},"end":{"line":44,"column":15}},"29":{"start":{"line":47,"column":16},"end":{"line":47,"column":32}},"30":{"start":{"line":48,"column":16},"end":{"line":48,"column":32}},"31":{"start":{"line":49,"column":17},"end":{"line":49,"column":39}},"32":{"start":{"line":51,"column":2},"end":{"line":51,"column":16}},"33":{"start":{"line":55,"column":14},"end":{"line":55,"column":43}},"34":{"start":{"line":56,"column":2},"end":{"line":56,"column":41}}},"fnMap":{"0":{"name":"(anonymous_0)","decl":{"start":{"line":5,"column":17},"end":{"line":5,"column":18}},"loc":{"start":{"line":5,"column":26},"end":{"line":9,"column":1}},"line":5},"1":{"name":"(anonymous_1)","decl":{"start":{"line":7,"column":26},"end":{"line":7,"column":27}},"loc":{"start":{"line":7,"column":40},"end":{"line":7,"column":122}},"line":7},"2":{"name":"(anonymous_2)","decl":{"start":{"line":11,"column":16},"end":{"line":11,"column":17}},"loc":{"start":{"line":11,"column":42},"end":{"line":52,"column":1}},"line":11},"3":{"name":"(anonymous_3)","decl":{"start":{"line":12,"column":19},"end":{"line":12,"column":20}},"loc":{"start":{"line":12,"column":35},"end":{"line":45,"column":3}},"line":12},"4":{"name":"(anonymous_4)","decl":{"start":{"line":15,"column":28},"end":{"line":15,"column":29}},"loc":{"start":{"line":15,"column":42},"end":{"line":43,"column":5}},"line":15},"5":{"name":"(anonymous_5)","decl":{"start":{"line":54,"column":15},"end":{"line":54,"column":16}},"loc":{"start":{"line":54,"column":49},"end":{"line":57,"column":1}},"line":54}},"branchMap":{"0":{"loc":{"start":{"line":7,"column":60},"end":{"line":7,"column":120}},"type":"cond-expr","locations":[{"start":{"line":7,"column":91},"end":{"line":7,"column":109}},{"start":{"line":7,"column":112},"end":{"line":7,"column":120}}],"line":7},"1":{"loc":{"start":{"line":18,"column":6},"end":{"line":32,"column":7}},"type":"if","locations":[{"start":{"line":18,"column":6},"end":{"line":32,"column":7}},{"start":{"line":18,"column":6},"end":{"line":32,"column":7}}],"line":18},"2":{"loc":{"start":{"line":18,"column":10},"end":{"line":18,"column":20}},"type":"binary-expr","locations":[{"start":{"line":18,"column":10},"end":{"line":18,"column":13}},{"start":{"line":18,"column":17},"end":{"line":18,"column":20}}],"line":18},"3":{"loc":{"start":{"line":19,"column":8},"end":{"line":21,"column":9}},"type":"if","locations":[{"start":{"line":19,"column":8},"end":{"line":21,"column":9}},{"start":{"line":19,"column":8},"end":{"line":21,"column":9}}],"line":19},"4":{"loc":{"start":{"line":19,"column":12},"end":{"line":19,"column":102}},"type":"binary-expr","locations":[{"start":{"line":19,"column":13},"end":{"line":19,"column":42}},{"start":{"line":19,"column":48},"end":{"line":19,"column":66}},{"start":{"line":19,"column":72},"end":{"line":19,"column":101}}],"line":19},"5":{"loc":{"start":{"line":22,"column":8},"end":{"line":24,"column":9}},"type":"if","locations":[{"start":{"line":22,"column":8},"end":{"line":24,"column":9}},{"start":{"line":22,"column":8},"end":{"line":24,"column":9}}],"line":22},"6":{"loc":{"start":{"line":22,"column":12},"end":{"line":22,"column":102}},"type":"binary-expr","locations":[{"start":{"line":22,"column":13},"end":{"line":22,"column":42}},{"start":{"line":22,"column":48},"end":{"line":22,"column":77}},{"start":{"line":22,"column":83},"end":{"line":22,"column":101}}],"line":22},"7":{"loc":{"start":{"line":25,"column":8},"end":{"line":27,"column":9}},"type":"if","locations":[{"start":{"line":25,"column":8},"end":{"line":27,"column":9}},{"start":{"line":25,"column":8},"end":{"line":27,"column":9}}],"line":25},"8":{"loc":{"start":{"line":25,"column":13},"end":{"line":25,"column":79}},"type":"binary-expr","locations":[{"start":{"line":25,"column":14},"end":{"line":25,"column":43}},{"start":{"line":25,"column":49},"end":{"line":25,"column":78}}],"line":25},"9":{"loc":{"start":{"line":28,"column":8},"end":{"line":30,"column":9}},"type":"if","locations":[{"start":{"line":28,"column":8},"end":{"line":30,"column":9}},{"start":{"line":28,"column":8},"end":{"line":30,"column":9}}],"line":28},"10":{"loc":{"start":{"line":33,"column":6},"end":{"line":38,"column":7}},"type":"if","locations":[{"start":{"line":33,"column":6},"end":{"line":38,"column":7}},{"start":{"line":33,"column":6},"end":{"line":38,"column":7}}],"line":33},"11":{"loc":{"start":{"line":34,"column":8},"end":{"line":36,"column":9}},"type":"if","locations":[{"start":{"line":34,"column":8},"end":{"line":36,"column":9}},{"start":{"line":34,"column":8},"end":{"line":36,"column":9}}],"line":34},"12":{"loc":{"start":{"line":39,"column":6},"end":{"line":41,"column":7}},"type":"if","locations":[{"start":{"line":39,"column":6},"end":{"line":41,"column":7}},{"start":{"line":39,"column":6},"end":{"line":41,"column":7}}],"line":39}},"s":{"0":1,"1":21,"2":21,"3":27,"4":21,"5":1,"6":9,"7":21,"8":21,"9":111,"10":111,"11":111,"12":48,"13":3,"14":45,"15":0,"16":45,"17":12,"18":33,"19":21,"20":12,"21":63,"22":27,"23":3,"24":24,"25":36,"26":6,"27":30,"28":21,"29":9,"30":9,"31":9,"32":9,"33":9,"34":9},"f":{"0":21,"1":27,"2":9,"3":21,"4":111,"5":9},"b":{"0":[9,18],"1":[48,63],"2":[111,75],"3":[3,45],"4":[48,15,15],"5":[0,45],"6":[45,33,3],"7":[12,33],"8":[45,12],"9":[21,12],"10":[27,36],"11":[3,24],"12":[6,30]},"_coverageSchema":"1a1c01bbd47fc00a2c39e90264f33305004495a9","hash":"9297d1cc6e01f3bd10e51891a1f752bbbab13a78"}
,"/home/prozex/frontend-project-lvl2/src/parsers.js": {"path":"/home/prozex/frontend-project-lvl2/src/parsers.js","statementMap":{"0":{"start":{"line":6,"column":2},"end":{"line":8,"column":3}},"1":{"start":{"line":7,"column":4},"end":{"line":7,"column":56}},"2":{"start":{"line":9,"column":2},"end":{"line":11,"column":3}},"3":{"start":{"line":10,"column":4},"end":{"line":10,"column":57}},"4":{"start":{"line":12,"column":2},"end":{"line":12,"column":37}}},"fnMap":{"0":{"name":"(anonymous_0)","decl":{"start":{"line":5,"column":15},"end":{"line":5,"column":16}},"loc":{"start":{"line":5,"column":29},"end":{"line":13,"column":1}},"line":5}},"branchMap":{"0":{"loc":{"start":{"line":6,"column":2},"end":{"line":8,"column":3}},"type":"if","locations":[{"start":{"line":6,"column":2},"end":{"line":8,"column":3}},{"start":{"line":6,"column":2},"end":{"line":8,"column":3}}],"line":6},"1":{"loc":{"start":{"line":6,"column":6},"end":{"line":6,"column":81}},"type":"binary-expr","locations":[{"start":{"line":6,"column":7},"end":{"line":6,"column":40}},{"start":{"line":6,"column":46},"end":{"line":6,"column":80}}],"line":6},"2":{"loc":{"start":{"line":9,"column":2},"end":{"line":11,"column":3}},"type":"if","locations":[{"start":{"line":9,"column":2},"end":{"line":11,"column":3}},{"start":{"line":9,"column":2},"end":{"line":11,"column":3}}],"line":9}},"s":{"0":18,"1":9,"2":9,"3":9,"4":0},"f":{"0":18},"b":{"0":[9,9],"1":[18,12],"2":[9,0]},"_coverageSchema":"1a1c01bbd47fc00a2c39e90264f33305004495a9","hash":"815e2396ba3b194cf63d0460f9878eaeee40bcd9"}
}
