TN:
SF:formatters/index.js
FN:5,(anonymous_0)
FNF:1
FNH:1
FNDA:9,(anonymous_0)
DA:6,9
DA:7,7
DA:9,2
DA:10,1
DA:12,1
LF:5
LH:5
BRDA:5,0,0,7
BRDA:6,1,0,7
BRDA:6,1,1,2
BRDA:9,2,0,1
BRDA:9,2,1,1
BRF:5
BRH:5
end_of_record
TN:
SF:formatters/json.js
FN:1,(anonymous_0)
FN:8,(anonymous_1)
FN:9,(anonymous_2)
FN:9,(anonymous_3)
FNF:4
FNH:4
FNDA:31,(anonymous_0)
FNDA:1,(anonymous_1)
FNDA:12,(anonymous_2)
FNDA:31,(anonymous_3)
DA:1,1
DA:2,31
DA:3,6
DA:5,25
DA:9,12
DA:10,31
DA:15,31
DA:18,1
LF:8
LH:8
BRDA:2,0,0,6
BRDA:2,0,1,25
BRDA:5,1,0,9
BRDA:5,1,1,16
BRDA:13,2,0,11
BRDA:13,2,1,20
BRF:6
BRH:6
end_of_record
TN:
SF:formatters/plain.js
FN:3,(anonymous_0)
FN:10,(anonymous_1)
FN:11,(anonymous_2)
FN:11,(anonymous_3)
FN:35,(anonymous_4)
FNF:5
FNH:5
FNDA:22,(anonymous_0)
FNDA:1,(anonymous_1)
FNDA:5,(anonymous_2)
FNDA:22,(anonymous_3)
FNDA:11,(anonymous_4)
DA:3,1
DA:4,22
DA:5,8
DA:7,14
DA:11,5
DA:12,22
DA:13,22
DA:15,22
DA:16,6
DA:19,16
DA:20,9
DA:21,4
DA:23,5
DA:26,7
DA:27,4
DA:30,3
DA:33,1
DA:35,1
DA:36,11
DA:38,11
DA:39,5
DA:40,5
DA:45,6
DA:46,2
DA:51,4
DA:52,4
LF:26
LH:26
BRDA:4,0,0,8
BRDA:4,0,1,14
BRDA:7,1,0,10
BRDA:7,1,1,4
BRDA:12,2,0,4
BRDA:12,2,1,18
BRDA:15,3,0,6
BRDA:15,3,1,16
BRDA:19,4,0,9
BRDA:19,4,1,7
BRDA:20,5,0,4
BRDA:20,5,1,5
BRDA:26,6,0,4
BRDA:26,6,1,3
BRDA:38,7,0,5
BRDA:38,7,1,6
BRDA:40,8,0,1
BRDA:40,8,1,4
BRDA:45,9,0,2
BRDA:45,9,1,4
BRDA:46,10,0,0
BRDA:46,10,1,2
BRDA:52,11,0,0
BRDA:52,11,1,4
BRF:24
BRH:22
end_of_record
TN:
SF:formatters/stylish.js
FN:1,(anonymous_0)
FN:3,(anonymous_1)
FN:4,(anonymous_2)
FN:6,(anonymous_3)
FNF:4
FNH:4
FNDA:102,(anonymous_0)
FNDA:7,(anonymous_1)
FNDA:18,(anonymous_2)
FNDA:91,(anonymous_3)
DA:1,102
DA:4,7
DA:5,18
DA:6,18
DA:7,91
DA:8,91
DA:9,11
DA:10,11
DA:12,80
DA:14,91
DA:16,18
DA:18,7
LF:12
LH:12
BRDA:8,0,0,11
BRDA:8,0,1,80
BRF:2
BRH:2
end_of_record
TN:
SF:src/diff.js
FN:5,(anonymous_0)
FN:7,(anonymous_1)
FN:14,(anonymous_2)
FN:51,(anonymous_3)
FN:54,(anonymous_4)
FN:106,(anonymous_5)
FNF:6
FNH:6
FNDA:21,(anonymous_0)
FNDA:27,(anonymous_1)
FNDA:9,(anonymous_2)
FNDA:21,(anonymous_3)
FNDA:111,(anonymous_4)
FNDA:9,(anonymous_5)
DA:5,1
DA:6,21
DA:7,21
DA:8,27
DA:9,27
DA:11,21
DA:14,1
DA:51,9
DA:52,21
DA:54,21
DA:55,111
DA:56,111
DA:57,111
DA:58,48
DA:59,3
DA:63,45
DA:64,0
DA:68,45
DA:69,12
DA:72,33
DA:73,21
DA:76,12
DA:80,63
DA:81,27
DA:82,3
DA:85,24
DA:88,36
DA:89,6
DA:92,30
DA:96,21
DA:99,9
DA:100,9
DA:101,9
DA:103,9
DA:107,9
DA:108,9
LF:36
LH:35
BRDA:8,0,0,9
BRDA:8,0,1,18
BRDA:57,1,0,48
BRDA:57,1,1,63
BRDA:57,2,0,111
BRDA:57,2,1,75
BRDA:58,3,0,3
BRDA:58,3,1,45
BRDA:58,4,0,48
BRDA:58,4,1,15
BRDA:58,4,2,15
BRDA:63,5,0,0
BRDA:63,5,1,45
BRDA:63,6,0,45
BRDA:63,6,1,33
BRDA:63,6,2,3
BRDA:68,7,0,12
BRDA:68,7,1,33
BRDA:68,8,0,45
BRDA:68,8,1,12
BRDA:72,9,0,21
BRDA:72,9,1,12
BRDA:80,10,0,27
BRDA:80,10,1,36
BRDA:80,11,0,63
BRDA:80,11,1,27
BRDA:81,12,0,3
BRDA:81,12,1,24
BRDA:88,13,0,6
BRDA:88,13,1,30
BRF:30
BRH:29
end_of_record
TN:
SF:src/parsers.js
FN:5,(anonymous_0)
FNF:1
FNH:1
FNDA:18,(anonymous_0)
DA:6,18
DA:7,9
DA:9,9
DA:10,9
DA:12,0
LF:5
LH:4
BRDA:6,0,0,9
BRDA:6,0,1,9
BRDA:6,1,0,18
BRDA:6,1,1,12
BRDA:9,2,0,9
BRDA:9,2,1,0
BRF:6
BRH:5
end_of_record
