TN:
SF:formatters/index.js
FN:4,(anonymous_0)
FNF:1
FNH:1
FNDA:8,(anonymous_0)
DA:5,8
DA:6,7
DA:8,1
LF:3
LH:3
BRDA:4,0,0,7
BRDA:5,1,0,7
BRDA:5,1,1,1
BRF:3
BRH:3
end_of_record
TN:
SF:formatters/plain.js
FN:3,(anonymous_0)
FN:4,(anonymous_1)
FN:5,(anonymous_2)
FN:39,(anonymous_3)
FNF:4
FNH:4
FNDA:1,(anonymous_0)
FNDA:5,(anonymous_1)
FNDA:22,(anonymous_2)
FNDA:11,(anonymous_3)
DA:4,1
DA:5,5
DA:6,22
DA:8,22
DA:9,8
DA:10,14
DA:11,10
DA:13,4
DA:15,22
DA:16,6
DA:20,16
DA:21,9
DA:22,4
DA:23,4
DA:25,5
DA:30,7
DA:31,4
DA:34,5
DA:37,1
DA:39,1
DA:40,11
DA:41,11
DA:42,5
DA:43,6
DA:44,2
DA:46,4
DA:48,11
LF:27
LH:27
BRDA:6,0,0,4
BRDA:6,0,1,18
BRDA:8,1,0,8
BRDA:8,1,1,14
BRDA:10,2,0,10
BRDA:10,2,1,4
BRDA:15,3,0,6
BRDA:15,3,1,16
BRDA:20,4,0,9
BRDA:20,4,1,7
BRDA:21,5,0,4
BRDA:21,5,1,5
BRDA:30,6,0,4
BRDA:30,6,1,3
BRDA:41,7,0,5
BRDA:41,7,1,6
BRDA:43,8,0,2
BRDA:43,8,1,4
BRDA:48,9,0,1
BRDA:48,9,1,10
BRF:20
BRH:20
end_of_record
TN:
SF:formatters/stylish.js
FN:1,(anonymous_0)
FN:3,(anonymous_1)
FN:4,(anonymous_2)
FN:6,(anonymous_3)
FNF:4
FNH:4
FNDA:102,(anonymous_0)
FNDA:7,(anonymous_1)
FNDA:18,(anonymous_2)
FNDA:91,(anonymous_3)
DA:1,102
DA:4,7
DA:5,18
DA:6,18
DA:7,91
DA:8,91
DA:9,11
DA:10,11
DA:12,80
DA:14,91
DA:16,18
DA:18,7
LF:12
LH:12
BRDA:8,0,0,11
BRDA:8,0,1,80
BRF:2
BRH:2
end_of_record
TN:
SF:src/diff.js
FN:5,(anonymous_0)
FN:7,(anonymous_1)
FN:14,(anonymous_2)
FN:15,(anonymous_3)
FN:17,(anonymous_4)
FN:58,(anonymous_5)
FNF:6
FNH:6
FNDA:14,(anonymous_0)
FNDA:18,(anonymous_1)
FNDA:8,(anonymous_2)
FNDA:16,(anonymous_3)
FNDA:93,(anonymous_4)
FNDA:8,(anonymous_5)
DA:5,1
DA:6,14
DA:7,14
DA:8,18
DA:9,18
DA:11,14
DA:14,1
DA:15,8
DA:16,16
DA:17,16
DA:18,93
DA:19,93
DA:20,93
DA:21,37
DA:22,2
DA:23,2
DA:24,35
DA:25,0
DA:26,0
DA:27,35
DA:28,8
DA:29,27
DA:30,18
DA:32,9
DA:33,9
DA:35,56
DA:36,25
DA:37,2
DA:39,23
DA:41,31
DA:42,4
DA:44,27
DA:46,93
DA:48,16
DA:51,8
DA:52,8
DA:53,8
DA:55,8
DA:59,8
DA:60,8
LF:40
LH:38
BRDA:8,0,0,6
BRDA:8,0,1,12
BRDA:20,1,0,37
BRDA:20,1,1,56
BRDA:20,2,0,93
BRDA:20,2,1,62
BRDA:21,3,0,2
BRDA:21,3,1,35
BRDA:21,4,0,37
BRDA:21,4,1,10
BRDA:21,4,2,10
BRDA:24,5,0,0
BRDA:24,5,1,35
BRDA:24,6,0,35
BRDA:24,6,1,27
BRDA:24,6,2,2
BRDA:27,7,0,8
BRDA:27,7,1,27
BRDA:27,8,0,35
BRDA:27,8,1,8
BRDA:29,9,0,18
BRDA:29,9,1,9
BRDA:35,10,0,25
BRDA:35,10,1,31
BRDA:35,11,0,56
BRDA:35,11,1,25
BRDA:36,12,0,2
BRDA:36,12,1,23
BRDA:41,13,0,4
BRDA:41,13,1,27
BRF:30
BRH:29
end_of_record
TN:
SF:src/parsers.js
FN:5,(anonymous_0)
FNF:1
FNH:1
FNDA:16,(anonymous_0)
DA:6,16
DA:7,8
DA:9,8
DA:10,8
DA:12,0
LF:5
LH:4
BRDA:6,0,0,8
BRDA:6,0,1,8
BRDA:6,1,0,16
BRDA:6,1,1,11
BRDA:9,2,0,8
BRDA:9,2,1,0
BRF:6
BRH:5
end_of_record
